2024-06-23 17:42:03.303	[34mINFO[0m	app/app.go:135	start server
2024-06-23 17:42:03.304	[31mERROR[0m	restserver/server.go:84	initTrans error: uni.GetTranslator() failed
2024-06-23 17:42:03.304	[34mINFO[0m	restserver/server.go:111	rest server is stopping
2024-06-23 17:42:28.715	[34mINFO[0m	app/app.go:135	start server
2024-06-23 17:42:28.716	[31mERROR[0m	restserver/server.go:84	initTrans error: uni.GetTranslator() failed
2024-06-23 17:42:28.717	[34mINFO[0m	restserver/server.go:111	rest server is stopping
2024-06-23 17:42:47.208	[34mINFO[0m	app/app.go:135	start server
2024-06-23 17:42:47.208	[31mERROR[0m	restserver/server.go:84	initTrans error: uni.GetTranslator() failed
2024-06-23 17:42:47.209	[34mINFO[0m	restserver/server.go:111	rest server is stopping
2024-06-23 17:44:13.826	[34mINFO[0m	app/app.go:135	start server
2024-06-23 17:45:04.098	[34mINFO[0m	app/app.go:135	start server
2024-06-23 17:45:04.099	[34mINFO[0m	restserver/server.go:79	GET    /debug/pprof/ --> github.com/gin-gonic/gin.WrapF.func1(3 handlers)
2024-06-23 17:45:04.099	[34mINFO[0m	restserver/server.go:79	GET    /debug/pprof/cmdline --> github.com/gin-gonic/gin.WrapF.func1(3 handlers)
2024-06-23 17:45:04.099	[34mINFO[0m	restserver/server.go:79	GET    /debug/pprof/profile --> github.com/gin-gonic/gin.WrapF.func1(3 handlers)
2024-06-23 17:45:04.099	[34mINFO[0m	restserver/server.go:79	POST   /debug/pprof/symbol --> github.com/gin-gonic/gin.WrapF.func1(3 handlers)
2024-06-23 17:45:04.099	[34mINFO[0m	restserver/server.go:79	GET    /debug/pprof/symbol --> github.com/gin-gonic/gin.WrapF.func1(3 handlers)
2024-06-23 17:45:04.099	[34mINFO[0m	restserver/server.go:79	GET    /debug/pprof/trace --> github.com/gin-gonic/gin.WrapF.func1(3 handlers)
2024-06-23 17:45:04.099	[34mINFO[0m	restserver/server.go:79	GET    /debug/pprof/allocs --> github.com/gin-gonic/gin.WrapH.func1(3 handlers)
2024-06-23 17:45:04.099	[34mINFO[0m	restserver/server.go:79	GET    /debug/pprof/block --> github.com/gin-gonic/gin.WrapH.func1(3 handlers)
2024-06-23 17:45:04.099	[34mINFO[0m	restserver/server.go:79	GET    /debug/pprof/goroutine --> github.com/gin-gonic/gin.WrapH.func1(3 handlers)
2024-06-23 17:45:04.099	[34mINFO[0m	restserver/server.go:79	GET    /debug/pprof/heap --> github.com/gin-gonic/gin.WrapH.func1(3 handlers)
2024-06-23 17:45:04.099	[34mINFO[0m	restserver/server.go:79	GET    /debug/pprof/mutex --> github.com/gin-gonic/gin.WrapH.func1(3 handlers)
2024-06-23 17:45:04.099	[34mINFO[0m	restserver/server.go:79	GET    /debug/pprof/threadcreate --> github.com/gin-gonic/gin.WrapH.func1(3 handlers)
2024-06-23 17:45:04.099	[34mINFO[0m	restserver/server.go:97	rest server is running on 8050
2024-06-23 17:46:01.168	[34mINFO[0m	controller/list.go:9	getUserList is called
2024-06-23 17:46:26.606	[34mINFO[0m	controller/list.go:9	getUserList is called
2024-06-23 17:46:27.757	[34mINFO[0m	controller/list.go:9	getUserList is called
2024-06-23 17:46:28.598	[34mINFO[0m	controller/list.go:9	getUserList is called
2024-06-23 17:46:29.422	[34mINFO[0m	controller/list.go:9	getUserList is called
2024-06-23 17:50:14.447	[34mINFO[0m	app/app.go:135	start server
2024-06-23 17:50:14.448	[34mINFO[0m	restserver/server.go:79	GET    /debug/pprof/ --> github.com/gin-gonic/gin.WrapF.func1(3 handlers)
2024-06-23 17:50:14.449	[34mINFO[0m	restserver/server.go:79	GET    /debug/pprof/cmdline --> github.com/gin-gonic/gin.WrapF.func1(3 handlers)
2024-06-23 17:50:14.449	[34mINFO[0m	restserver/server.go:79	GET    /debug/pprof/profile --> github.com/gin-gonic/gin.WrapF.func1(3 handlers)
2024-06-23 17:50:14.449	[34mINFO[0m	restserver/server.go:79	POST   /debug/pprof/symbol --> github.com/gin-gonic/gin.WrapF.func1(3 handlers)
2024-06-23 17:50:14.449	[34mINFO[0m	restserver/server.go:79	GET    /debug/pprof/symbol --> github.com/gin-gonic/gin.WrapF.func1(3 handlers)
2024-06-23 17:50:14.449	[34mINFO[0m	restserver/server.go:79	GET    /debug/pprof/trace --> github.com/gin-gonic/gin.WrapF.func1(3 handlers)
2024-06-23 17:50:14.449	[34mINFO[0m	restserver/server.go:79	GET    /debug/pprof/allocs --> github.com/gin-gonic/gin.WrapH.func1(3 handlers)
2024-06-23 17:50:14.450	[34mINFO[0m	restserver/server.go:79	GET    /debug/pprof/block --> github.com/gin-gonic/gin.WrapH.func1(3 handlers)
2024-06-23 17:50:14.450	[34mINFO[0m	restserver/server.go:79	GET    /debug/pprof/goroutine --> github.com/gin-gonic/gin.WrapH.func1(3 handlers)
2024-06-23 17:50:14.450	[34mINFO[0m	restserver/server.go:79	GET    /debug/pprof/heap --> github.com/gin-gonic/gin.WrapH.func1(3 handlers)
2024-06-23 17:50:14.450	[34mINFO[0m	restserver/server.go:79	GET    /debug/pprof/mutex --> github.com/gin-gonic/gin.WrapH.func1(3 handlers)
2024-06-23 17:50:14.450	[34mINFO[0m	restserver/server.go:79	GET    /debug/pprof/threadcreate --> github.com/gin-gonic/gin.WrapH.func1(3 handlers)
2024-06-23 17:50:14.450	[34mINFO[0m	restserver/server.go:96	rest server is running on 8050
2024-06-24 08:52:13.213	[34mINFO[0m	app/app.go:135	start server
2024-06-24 08:52:13.214	[34mINFO[0m	restserver/server.go:79	GET    /debug/pprof/ --> github.com/gin-gonic/gin.WrapF.func1(3 handlers)
2024-06-24 08:52:13.214	[34mINFO[0m	restserver/server.go:79	GET    /debug/pprof/cmdline --> github.com/gin-gonic/gin.WrapF.func1(3 handlers)
2024-06-24 08:52:13.214	[34mINFO[0m	restserver/server.go:79	GET    /debug/pprof/profile --> github.com/gin-gonic/gin.WrapF.func1(3 handlers)
2024-06-24 08:52:13.214	[34mINFO[0m	restserver/server.go:79	POST   /debug/pprof/symbol --> github.com/gin-gonic/gin.WrapF.func1(3 handlers)
2024-06-24 08:52:13.214	[34mINFO[0m	restserver/server.go:79	GET    /debug/pprof/symbol --> github.com/gin-gonic/gin.WrapF.func1(3 handlers)
2024-06-24 08:52:13.214	[34mINFO[0m	restserver/server.go:79	GET    /debug/pprof/trace --> github.com/gin-gonic/gin.WrapF.func1(3 handlers)
2024-06-24 08:52:13.214	[34mINFO[0m	restserver/server.go:79	GET    /debug/pprof/allocs --> github.com/gin-gonic/gin.WrapH.func1(3 handlers)
2024-06-24 08:52:13.214	[34mINFO[0m	restserver/server.go:79	GET    /debug/pprof/block --> github.com/gin-gonic/gin.WrapH.func1(3 handlers)
2024-06-24 08:52:13.214	[34mINFO[0m	restserver/server.go:79	GET    /debug/pprof/goroutine --> github.com/gin-gonic/gin.WrapH.func1(3 handlers)
2024-06-24 08:52:13.214	[34mINFO[0m	restserver/server.go:79	GET    /debug/pprof/heap --> github.com/gin-gonic/gin.WrapH.func1(3 handlers)
2024-06-24 08:52:13.214	[34mINFO[0m	restserver/server.go:79	GET    /debug/pprof/mutex --> github.com/gin-gonic/gin.WrapH.func1(3 handlers)
2024-06-24 08:52:13.214	[34mINFO[0m	restserver/server.go:79	GET    /debug/pprof/threadcreate --> github.com/gin-gonic/gin.WrapH.func1(3 handlers)
2024-06-24 08:52:13.214	[34mINFO[0m	restserver/server.go:96	rest server is running on 8050
2024-06-24 09:05:36.823	[34mINFO[0m	app/app.go:137	start server
2024-06-24 09:05:36.824	[34mINFO[0m	restserver/server.go:79	GET    /debug/pprof/ --> github.com/gin-gonic/gin.WrapF.func1(3 handlers)
2024-06-24 09:05:36.824	[34mINFO[0m	restserver/server.go:79	GET    /debug/pprof/cmdline --> github.com/gin-gonic/gin.WrapF.func1(3 handlers)
2024-06-24 09:05:36.824	[34mINFO[0m	restserver/server.go:79	GET    /debug/pprof/profile --> github.com/gin-gonic/gin.WrapF.func1(3 handlers)
2024-06-24 09:05:36.824	[34mINFO[0m	restserver/server.go:79	POST   /debug/pprof/symbol --> github.com/gin-gonic/gin.WrapF.func1(3 handlers)
2024-06-24 09:05:36.824	[34mINFO[0m	restserver/server.go:79	GET    /debug/pprof/symbol --> github.com/gin-gonic/gin.WrapF.func1(3 handlers)
2024-06-24 09:05:36.824	[34mINFO[0m	restserver/server.go:79	GET    /debug/pprof/trace --> github.com/gin-gonic/gin.WrapF.func1(3 handlers)
2024-06-24 09:05:36.824	[34mINFO[0m	restserver/server.go:79	GET    /debug/pprof/allocs --> github.com/gin-gonic/gin.WrapH.func1(3 handlers)
2024-06-24 09:05:36.824	[34mINFO[0m	restserver/server.go:79	GET    /debug/pprof/block --> github.com/gin-gonic/gin.WrapH.func1(3 handlers)
2024-06-24 09:05:36.824	[34mINFO[0m	restserver/server.go:79	GET    /debug/pprof/goroutine --> github.com/gin-gonic/gin.WrapH.func1(3 handlers)
2024-06-24 09:05:36.824	[34mINFO[0m	restserver/server.go:79	GET    /debug/pprof/heap --> github.com/gin-gonic/gin.WrapH.func1(3 handlers)
2024-06-24 09:05:36.824	[34mINFO[0m	restserver/server.go:79	GET    /debug/pprof/mutex --> github.com/gin-gonic/gin.WrapH.func1(3 handlers)
2024-06-24 09:05:36.824	[34mINFO[0m	restserver/server.go:79	GET    /debug/pprof/threadcreate --> github.com/gin-gonic/gin.WrapH.func1(3 handlers)
2024-06-24 09:05:36.824	[34mINFO[0m	restserver/server.go:96	rest server is running on 8050
2024-06-24 09:05:43.709	[34mINFO[0m	app/app.go:167	Deregister service
2024-06-24 09:15:58.359	[34mINFO[0m	app/app.go:137	start server
2024-06-24 09:15:58.359	[34mINFO[0m	restserver/server.go:79	GET    /debug/pprof/ --> github.com/gin-gonic/gin.WrapF.func1(3 handlers)
2024-06-24 09:15:58.359	[34mINFO[0m	restserver/server.go:79	GET    /debug/pprof/cmdline --> github.com/gin-gonic/gin.WrapF.func1(3 handlers)
2024-06-24 09:15:58.359	[34mINFO[0m	restserver/server.go:79	GET    /debug/pprof/profile --> github.com/gin-gonic/gin.WrapF.func1(3 handlers)
2024-06-24 09:15:58.359	[34mINFO[0m	restserver/server.go:79	POST   /debug/pprof/symbol --> github.com/gin-gonic/gin.WrapF.func1(3 handlers)
2024-06-24 09:15:58.359	[34mINFO[0m	restserver/server.go:79	GET    /debug/pprof/symbol --> github.com/gin-gonic/gin.WrapF.func1(3 handlers)
2024-06-24 09:15:58.359	[34mINFO[0m	restserver/server.go:79	GET    /debug/pprof/trace --> github.com/gin-gonic/gin.WrapF.func1(3 handlers)
2024-06-24 09:15:58.359	[34mINFO[0m	restserver/server.go:79	GET    /debug/pprof/allocs --> github.com/gin-gonic/gin.WrapH.func1(3 handlers)
2024-06-24 09:15:58.359	[34mINFO[0m	restserver/server.go:79	GET    /debug/pprof/block --> github.com/gin-gonic/gin.WrapH.func1(3 handlers)
2024-06-24 09:15:58.359	[34mINFO[0m	restserver/server.go:79	GET    /debug/pprof/goroutine --> github.com/gin-gonic/gin.WrapH.func1(3 handlers)
2024-06-24 09:15:58.359	[34mINFO[0m	restserver/server.go:79	GET    /debug/pprof/heap --> github.com/gin-gonic/gin.WrapH.func1(3 handlers)
2024-06-24 09:15:58.359	[34mINFO[0m	restserver/server.go:79	GET    /debug/pprof/mutex --> github.com/gin-gonic/gin.WrapH.func1(3 handlers)
2024-06-24 09:15:58.359	[34mINFO[0m	restserver/server.go:79	GET    /debug/pprof/threadcreate --> github.com/gin-gonic/gin.WrapH.func1(3 handlers)
2024-06-24 09:15:58.359	[34mINFO[0m	restserver/server.go:96	rest server is running on 8050
2024-06-24 09:16:03.685	[34mINFO[0m	app/app.go:178	Deregister service
2024-06-24 09:16:03.689	[34mINFO[0m	restserver/server.go:111	rest server is stopping
2024-06-24 09:16:03.690	[34mINFO[0m	restserver/server.go:118	rest server stopped
2024-06-24 11:10:30.195	[34mINFO[0m	app/app.go:137	start server
2024-06-24 11:10:30.196	[34mINFO[0m	restserver/server.go:79	GET    /debug/pprof/ --> github.com/gin-gonic/gin.WrapF.func1(5 handlers)
2024-06-24 11:10:30.197	[34mINFO[0m	restserver/server.go:79	GET    /debug/pprof/cmdline --> github.com/gin-gonic/gin.WrapF.func1(5 handlers)
2024-06-24 11:10:30.197	[34mINFO[0m	restserver/server.go:79	GET    /debug/pprof/profile --> github.com/gin-gonic/gin.WrapF.func1(5 handlers)
2024-06-24 11:10:30.196	[31mERROR[0m	app/app.go:152	register service error:Put "http://127.0.0.1:8500/v1/agent/service/register": dial tcp 127.0.0.1:8500: connect: connection refused
2024-06-24 11:10:30.197	[31mERROR[0m	admin/app.go:40	run user app error: Put "http://127.0.0.1:8500/v1/agent/service/register": dial tcp 127.0.0.1:8500: connect: connection refused
2024-06-24 11:10:30.197	[34mINFO[0m	restserver/server.go:79	POST   /debug/pprof/symbol --> github.com/gin-gonic/gin.WrapF.func1(5 handlers)
2024-06-24 11:10:54.430	[34mINFO[0m	app/app.go:137	start server
2024-06-24 11:10:54.430	[34mINFO[0m	restserver/server.go:79	GET    /debug/pprof/ --> github.com/gin-gonic/gin.WrapF.func1(5 handlers)
2024-06-24 11:10:54.432	[34mINFO[0m	restserver/server.go:79	GET    /debug/pprof/cmdline --> github.com/gin-gonic/gin.WrapF.func1(5 handlers)
2024-06-24 11:10:54.432	[34mINFO[0m	restserver/server.go:79	GET    /debug/pprof/profile --> github.com/gin-gonic/gin.WrapF.func1(5 handlers)
2024-06-24 11:10:54.432	[34mINFO[0m	restserver/server.go:79	POST   /debug/pprof/symbol --> github.com/gin-gonic/gin.WrapF.func1(5 handlers)
2024-06-24 11:10:54.432	[34mINFO[0m	restserver/server.go:79	GET    /debug/pprof/symbol --> github.com/gin-gonic/gin.WrapF.func1(5 handlers)
2024-06-24 11:10:54.432	[34mINFO[0m	restserver/server.go:79	GET    /debug/pprof/trace --> github.com/gin-gonic/gin.WrapF.func1(5 handlers)
2024-06-24 11:10:54.432	[34mINFO[0m	restserver/server.go:79	GET    /debug/pprof/allocs --> github.com/gin-gonic/gin.WrapH.func1(5 handlers)
2024-06-24 11:10:54.432	[34mINFO[0m	restserver/server.go:79	GET    /debug/pprof/block --> github.com/gin-gonic/gin.WrapH.func1(5 handlers)
2024-06-24 11:10:54.432	[34mINFO[0m	restserver/server.go:79	GET    /debug/pprof/goroutine --> github.com/gin-gonic/gin.WrapH.func1(5 handlers)
2024-06-24 11:10:54.432	[34mINFO[0m	restserver/server.go:79	GET    /debug/pprof/heap --> github.com/gin-gonic/gin.WrapH.func1(5 handlers)
2024-06-24 11:10:54.432	[34mINFO[0m	restserver/server.go:79	GET    /debug/pprof/mutex --> github.com/gin-gonic/gin.WrapH.func1(5 handlers)
2024-06-24 11:10:54.432	[34mINFO[0m	restserver/server.go:79	GET    /debug/pprof/threadcreate --> github.com/gin-gonic/gin.WrapH.func1(5 handlers)
2024-06-24 11:10:54.432	[34mINFO[0m	restserver/server.go:96	rest server is running on 8050
2024-06-24 11:31:21.830	[34mINFO[0m	app/app.go:178	Deregister service
2024-06-24 11:31:21.835	[34mINFO[0m	restserver/server.go:111	rest server is stopping
2024-06-24 11:31:21.836	[34mINFO[0m	restserver/server.go:118	rest server stopped
2024-06-24 11:31:23.301	[34mINFO[0m	app/app.go:137	start server
2024-06-24 11:31:23.301	[34mINFO[0m	restserver/server.go:79	GET    /debug/pprof/ --> github.com/gin-gonic/gin.WrapF.func1(5 handlers)
2024-06-24 11:31:23.301	[34mINFO[0m	restserver/server.go:79	GET    /debug/pprof/cmdline --> github.com/gin-gonic/gin.WrapF.func1(5 handlers)
2024-06-24 11:31:23.301	[34mINFO[0m	restserver/server.go:79	GET    /debug/pprof/profile --> github.com/gin-gonic/gin.WrapF.func1(5 handlers)
2024-06-24 11:31:23.301	[34mINFO[0m	restserver/server.go:79	POST   /debug/pprof/symbol --> github.com/gin-gonic/gin.WrapF.func1(5 handlers)
2024-06-24 11:31:23.301	[34mINFO[0m	restserver/server.go:79	GET    /debug/pprof/symbol --> github.com/gin-gonic/gin.WrapF.func1(5 handlers)
2024-06-24 11:31:23.301	[34mINFO[0m	restserver/server.go:79	GET    /debug/pprof/trace --> github.com/gin-gonic/gin.WrapF.func1(5 handlers)
2024-06-24 11:31:23.301	[34mINFO[0m	restserver/server.go:79	GET    /debug/pprof/allocs --> github.com/gin-gonic/gin.WrapH.func1(5 handlers)
2024-06-24 11:31:23.301	[34mINFO[0m	restserver/server.go:79	GET    /debug/pprof/block --> github.com/gin-gonic/gin.WrapH.func1(5 handlers)
2024-06-24 11:31:23.301	[34mINFO[0m	restserver/server.go:79	GET    /debug/pprof/goroutine --> github.com/gin-gonic/gin.WrapH.func1(5 handlers)
2024-06-24 11:31:23.301	[34mINFO[0m	restserver/server.go:79	GET    /debug/pprof/heap --> github.com/gin-gonic/gin.WrapH.func1(5 handlers)
2024-06-24 11:31:23.301	[34mINFO[0m	restserver/server.go:79	GET    /debug/pprof/mutex --> github.com/gin-gonic/gin.WrapH.func1(5 handlers)
2024-06-24 11:31:23.301	[34mINFO[0m	restserver/server.go:79	GET    /debug/pprof/threadcreate --> github.com/gin-gonic/gin.WrapH.func1(5 handlers)
2024-06-24 11:31:23.301	[34mINFO[0m	restserver/server.go:96	rest server is running on 8050
2024-06-24 11:32:43.915	[34mINFO[0m	app/app.go:178	Deregister service
2024-06-24 11:32:43.918	[34mINFO[0m	restserver/server.go:111	rest server is stopping
2024-06-24 11:32:43.918	[34mINFO[0m	restserver/server.go:118	rest server stopped
2024-06-26 21:27:46.955	[34mINFO[0m	app/app.go:137	start server
2024-06-26 21:27:46.955	[34mINFO[0m	restserver/server.go:79	GET    /debug/pprof/ --> mxshop/gmicro/server/restserver/pprof.RouteRegister.WrapF.func1(5 handlers)
2024-06-26 21:27:46.957	[34mINFO[0m	restserver/server.go:79	GET    /debug/pprof/cmdline --> mxshop/gmicro/server/restserver/pprof.RouteRegister.WrapF.func2(5 handlers)
2024-06-26 21:27:46.957	[34mINFO[0m	restserver/server.go:79	GET    /debug/pprof/profile --> mxshop/gmicro/server/restserver/pprof.RouteRegister.WrapF.func3(5 handlers)
2024-06-26 21:27:46.957	[34mINFO[0m	restserver/server.go:79	POST   /debug/pprof/symbol --> mxshop/gmicro/server/restserver/pprof.RouteRegister.WrapF.func4(5 handlers)
2024-06-26 21:27:46.957	[34mINFO[0m	restserver/server.go:79	GET    /debug/pprof/symbol --> mxshop/gmicro/server/restserver/pprof.RouteRegister.WrapF.func5(5 handlers)
2024-06-26 21:27:46.957	[34mINFO[0m	restserver/server.go:79	GET    /debug/pprof/trace --> mxshop/gmicro/server/restserver/pprof.RouteRegister.WrapF.func6(5 handlers)
2024-06-26 21:27:46.957	[34mINFO[0m	restserver/server.go:79	GET    /debug/pprof/allocs --> mxshop/gmicro/server/restserver/pprof.RouteRegister.WrapH.func7(5 handlers)
2024-06-26 21:27:46.957	[34mINFO[0m	restserver/server.go:79	GET    /debug/pprof/block --> mxshop/gmicro/server/restserver/pprof.RouteRegister.WrapH.func8(5 handlers)
2024-06-26 21:27:46.957	[34mINFO[0m	restserver/server.go:79	GET    /debug/pprof/goroutine --> mxshop/gmicro/server/restserver/pprof.RouteRegister.WrapH.func9(5 handlers)
2024-06-26 21:27:46.957	[34mINFO[0m	restserver/server.go:79	GET    /debug/pprof/heap --> mxshop/gmicro/server/restserver/pprof.RouteRegister.WrapH.func10(5 handlers)
2024-06-26 21:27:46.957	[34mINFO[0m	restserver/server.go:79	GET    /debug/pprof/mutex --> mxshop/gmicro/server/restserver/pprof.RouteRegister.WrapH.func11(5 handlers)
2024-06-26 21:27:46.957	[34mINFO[0m	restserver/server.go:79	GET    /debug/pprof/threadcreate --> mxshop/gmicro/server/restserver/pprof.RouteRegister.WrapH.func12(5 handlers)
2024-06-26 21:27:46.957	[34mINFO[0m	restserver/server.go:96	rest server is running on 8050
2024-06-26 21:28:11.575	[34mINFO[0m	app/app.go:178	Deregister service
2024-06-26 21:28:11.578	[34mINFO[0m	restserver/server.go:111	rest server is stopping
2024-06-26 21:28:11.578	[34mINFO[0m	restserver/server.go:118	rest server stopped
2024-06-28 19:02:28.518	[34mINFO[0m	app/app.go:138	start server
2024-06-28 19:02:28.519	[34mINFO[0m	restserver/server.go:81	GET    /debug/pprof/ --> github.com/gin-gonic/gin.WrapF.func1(6 handlers)
2024-06-28 19:02:28.519	[34mINFO[0m	restserver/server.go:81	GET    /debug/pprof/cmdline --> github.com/gin-gonic/gin.WrapF.func1(6 handlers)
2024-06-28 19:02:28.519	[34mINFO[0m	restserver/server.go:81	GET    /debug/pprof/profile --> github.com/gin-gonic/gin.WrapF.func1(6 handlers)
2024-06-28 19:02:28.519	[34mINFO[0m	restserver/server.go:81	POST   /debug/pprof/symbol --> github.com/gin-gonic/gin.WrapF.func1(6 handlers)
2024-06-28 19:02:28.519	[34mINFO[0m	restserver/server.go:81	GET    /debug/pprof/symbol --> github.com/gin-gonic/gin.WrapF.func1(6 handlers)
2024-06-28 19:02:28.519	[34mINFO[0m	restserver/server.go:81	GET    /debug/pprof/trace --> github.com/gin-gonic/gin.WrapF.func1(6 handlers)
2024-06-28 19:02:28.519	[34mINFO[0m	restserver/server.go:81	GET    /debug/pprof/allocs --> github.com/gin-gonic/gin.WrapH.func1(6 handlers)
2024-06-28 19:02:28.519	[34mINFO[0m	restserver/server.go:81	GET    /debug/pprof/block --> github.com/gin-gonic/gin.WrapH.func1(6 handlers)
2024-06-28 19:02:28.525	[34mINFO[0m	restserver/server.go:81	GET    /debug/pprof/goroutine --> github.com/gin-gonic/gin.WrapH.func1(6 handlers)
2024-06-28 19:02:28.525	[34mINFO[0m	restserver/server.go:81	GET    /debug/pprof/heap --> github.com/gin-gonic/gin.WrapH.func1(6 handlers)
2024-06-28 19:02:28.525	[34mINFO[0m	restserver/server.go:81	GET    /debug/pprof/mutex --> github.com/gin-gonic/gin.WrapH.func1(6 handlers)
2024-06-28 19:02:28.525	[34mINFO[0m	restserver/server.go:81	GET    /debug/pprof/threadcreate --> github.com/gin-gonic/gin.WrapH.func1(6 handlers)
2024-06-28 19:02:28.525	[34mINFO[0m	restserver/server.go:98	rest server is running on 8050
2024-06-28 19:04:50.705	[34mINFO[0m	app/app.go:138	start server
2024-06-28 19:04:50.706	[34mINFO[0m	restserver/server.go:81	GET    /debug/pprof/ --> github.com/gin-gonic/gin.WrapF.func1(6 handlers)
2024-06-28 19:04:50.706	[34mINFO[0m	restserver/server.go:81	GET    /debug/pprof/cmdline --> github.com/gin-gonic/gin.WrapF.func1(6 handlers)
2024-06-28 19:04:50.706	[34mINFO[0m	restserver/server.go:81	GET    /debug/pprof/profile --> github.com/gin-gonic/gin.WrapF.func1(6 handlers)
2024-06-28 19:04:50.706	[34mINFO[0m	restserver/server.go:81	POST   /debug/pprof/symbol --> github.com/gin-gonic/gin.WrapF.func1(6 handlers)
2024-06-28 19:04:50.706	[34mINFO[0m	restserver/server.go:81	GET    /debug/pprof/symbol --> github.com/gin-gonic/gin.WrapF.func1(6 handlers)
2024-06-28 19:04:50.706	[34mINFO[0m	restserver/server.go:81	GET    /debug/pprof/trace --> github.com/gin-gonic/gin.WrapF.func1(6 handlers)
2024-06-28 19:04:50.706	[34mINFO[0m	restserver/server.go:81	GET    /debug/pprof/allocs --> github.com/gin-gonic/gin.WrapH.func1(6 handlers)
2024-06-28 19:04:50.706	[34mINFO[0m	restserver/server.go:81	GET    /debug/pprof/block --> github.com/gin-gonic/gin.WrapH.func1(6 handlers)
2024-06-28 19:04:50.707	[34mINFO[0m	restserver/server.go:81	GET    /debug/pprof/goroutine --> github.com/gin-gonic/gin.WrapH.func1(6 handlers)
2024-06-28 19:04:50.707	[34mINFO[0m	restserver/server.go:81	GET    /debug/pprof/heap --> github.com/gin-gonic/gin.WrapH.func1(6 handlers)
2024-06-28 19:04:50.707	[34mINFO[0m	restserver/server.go:81	GET    /debug/pprof/mutex --> github.com/gin-gonic/gin.WrapH.func1(6 handlers)
2024-06-28 19:04:50.707	[34mINFO[0m	restserver/server.go:81	GET    /debug/pprof/threadcreate --> github.com/gin-gonic/gin.WrapH.func1(6 handlers)
2024-06-28 19:04:50.707	[34mINFO[0m	restserver/server.go:98	rest server is running on 8050
